<?xml version="1.0" encoding="UTF-8"?>
<testng-results ignored="0" total="3" passed="2" failed="1" skipped="0">
  <reporter-output>
  </reporter-output>
  <suite started-at="2025-10-05T14:18:46 IST" name="Suite" finished-at="2025-10-05T14:20:51 IST" duration-ms="124345">
    <groups>
      <group name="Smoke">
        <method signature="Ecommerce_tc_4_hybrid.chromeNavigation(java.util.HashMap)[pri:0, instance:Dhananjayparit.Ecommerce_tc_4_hybrid@33ecda92]" name="chromeNavigation" class="Dhananjayparit.Ecommerce_tc_4_hybrid"/>
      </group> <!-- Smoke -->
    </groups>
    <test started-at="2025-10-05T14:18:46 IST" name="End to end test" finished-at="2025-10-05T14:19:52 IST" duration-ms="65941">
      <class name="Dhananjayparit.Ecommerce_tc_4_hybrid">
        <test-method is-config="true" signature="ConfigureAppium()[pri:0, instance:Dhananjayparit.Ecommerce_tc_4_hybrid@33ecda92]" started-at="2025-10-05T14:18:46 IST" name="ConfigureAppium" finished-at="2025-10-05T14:19:20 IST" duration-ms="33762" status="PASS">
          <reporter-output>
          </reporter-output>
        </test-method> <!-- ConfigureAppium -->
        <test-method signature="chromeNavigation(java.util.HashMap)[pri:0, instance:Dhananjayparit.Ecommerce_tc_4_hybrid@33ecda92]" started-at="2025-10-05T14:19:21 IST" name="chromeNavigation" data-provider="getData" finished-at="2025-10-05T14:19:49 IST" duration-ms="28464" status="PASS">
          <params>
            <param index="0">
              <value>
                <![CDATA[{gender=male, name=Dhananjay, country=Argentina}]]>
              </value>
            </param>
          </params>
          <reporter-output>
          </reporter-output>
        </test-method> <!-- chromeNavigation -->
        <test-method is-config="true" signature="tearDown()[pri:0, instance:Dhananjayparit.Ecommerce_tc_4_hybrid@33ecda92]" started-at="2025-10-05T14:19:49 IST" name="tearDown" finished-at="2025-10-05T14:19:52 IST" duration-ms="2972" status="PASS">
          <reporter-output>
          </reporter-output>
        </test-method> <!-- tearDown -->
      </class> <!-- Dhananjayparit.Ecommerce_tc_4_hybrid -->
    </test> <!-- End to end test -->
    <test started-at="2025-10-05T14:19:53 IST" name="Error Validation test" finished-at="2025-10-05T14:20:51 IST" duration-ms="57115">
      <class name="Dhananjayparit.ecommerce_tc_1">
        <test-method is-config="true" signature="ConfigureAppium()[pri:0, instance:Dhananjayparit.ecommerce_tc_1@6cd24612]" started-at="2025-10-05T14:19:53 IST" name="ConfigureAppium" finished-at="2025-10-05T14:20:13 IST" duration-ms="19940" status="PASS">
          <reporter-output>
          </reporter-output>
        </test-method> <!-- ConfigureAppium -->
        <test-method signature="fillFormErrorValidation()[pri:0, instance:Dhananjayparit.ecommerce_tc_1@6cd24612]" started-at="2025-10-05T14:20:13 IST" name="fillFormErrorValidation" finished-at="2025-10-05T14:20:29 IST" duration-ms="15944" status="FAIL">
          <exception class="java.lang.AssertionError">
            <message>
              <![CDATA[expected [Please your name] but found [Please enter your name]]]>
            </message>
            <full-stacktrace>
              <![CDATA[java.lang.AssertionError: expected [Please your name] but found [Please enter your name]
at org.testng.Assert.fail(Assert.java:99)
at org.testng.Assert.failNotEquals(Assert.java:1037)
at org.testng.Assert.assertEqualsImpl(Assert.java:140)
at org.testng.Assert.assertEquals(Assert.java:122)
at org.testng.Assert.assertEquals(Assert.java:629)
at org.testng.Assert.assertEquals(Assert.java:639)
at Dhananjayparit.ecommerce_tc_1.fillFormErrorValidation(ecommerce_tc_1.java:34)
at java.base/jdk.internal.reflect.DirectMethodHandleAccessor.invoke(DirectMethodHandleAccessor.java:103)
at java.base/java.lang.reflect.Method.invoke(Method.java:580)
at org.testng.internal.MethodInvocationHelper.invokeMethod(MethodInvocationHelper.java:133)
at org.testng.internal.TestInvoker.invokeMethod(TestInvoker.java:598)
at org.testng.internal.TestInvoker.invokeTestMethod(TestInvoker.java:173)
at org.testng.internal.MethodRunner.runInSequence(MethodRunner.java:46)
at org.testng.internal.TestInvoker$MethodInvocationAgent.invoke(TestInvoker.java:824)
at org.testng.internal.TestInvoker.invokeTestMethods(TestInvoker.java:146)
at org.testng.internal.TestMethodWorker.invokeTestMethods(TestMethodWorker.java:146)
at org.testng.internal.TestMethodWorker.run(TestMethodWorker.java:128)
at java.base/java.util.ArrayList.forEach(ArrayList.java:1596)
at org.testng.TestRunner.privateRun(TestRunner.java:794)
at org.testng.TestRunner.run(TestRunner.java:596)
at org.testng.SuiteRunner.runTest(SuiteRunner.java:377)
at org.testng.SuiteRunner.runSequentially(SuiteRunner.java:371)
at org.testng.SuiteRunner.privateRun(SuiteRunner.java:332)
at org.testng.SuiteRunner.run(SuiteRunner.java:276)
at org.testng.SuiteRunnerWorker.runSuite(SuiteRunnerWorker.java:53)
at org.testng.SuiteRunnerWorker.run(SuiteRunnerWorker.java:96)
at org.testng.TestNG.runSuitesSequentially(TestNG.java:1212)
at org.testng.TestNG.runSuitesLocally(TestNG.java:1134)
at org.testng.TestNG.runSuites(TestNG.java:1063)
at org.testng.TestNG.run(TestNG.java:1031)
at org.testng.remote.AbstractRemoteTestNG.run(AbstractRemoteTestNG.java:115)
at org.testng.remote.RemoteTestNG.initAndRun(RemoteTestNG.java:293)
at org.testng.remote.RemoteTestNG.main(RemoteTestNG.java:91)
]]>
            </full-stacktrace>
          </exception> <!-- java.lang.AssertionError -->
          <reporter-output>
          </reporter-output>
        </test-method> <!-- fillFormErrorValidation -->
        <test-method signature="fillFormPositive()[pri:0, instance:Dhananjayparit.ecommerce_tc_1@6cd24612]" started-at="2025-10-05T14:20:32 IST" name="fillFormPositive" finished-at="2025-10-05T14:20:48 IST" duration-ms="16029" status="PASS">
          <reporter-output>
          </reporter-output>
        </test-method> <!-- fillFormPositive -->
        <test-method is-config="true" signature="tearDown()[pri:0, instance:Dhananjayparit.ecommerce_tc_1@6cd24612]" started-at="2025-10-05T14:20:48 IST" name="tearDown" finished-at="2025-10-05T14:20:51 IST" duration-ms="2349" status="PASS">
          <reporter-output>
          </reporter-output>
        </test-method> <!-- tearDown -->
      </class> <!-- Dhananjayparit.ecommerce_tc_1 -->
    </test> <!-- Error Validation test -->
  </suite> <!-- Suite -->
</testng-results>
